<?xml version="1.0" encoding="UTF-8"?>
<!-- Generated by org.testng.reporters.JUnitReportReporter -->
<testsuite hostname="ttn046517" failures="0" tests="4" name="com.jupiter.tests.Jupiter_WebTests" time="44.933" errors="0" timestamp="2021-07-18T15:25:39 AEST" skipped="0">
  <testcase classname="com.jupiter.tests.Jupiter_WebTests" name="TC_01_ValidateFieldsOnContactPage" time="6.665"/>
  <system-out/>
  <testcase classname="com.jupiter.tests.Jupiter_WebTests" name="TC_03_VerifyTheShoppingCartData" time="5.596"/>
  <system-out/>
  <testcase classname="com.jupiter.tests.Jupiter_WebTests" name="TC_04_VerifyTheShoppingCartData" time="14.709"/>
  <system-out/>
  <testcase classname="com.jupiter.tests.Jupiter_WebTests" name="TC_02_VerifyFeedbackSubmission" time="17.963"/>
  <system-out/>
</testsuite> <!-- com.jupiter.tests.Jupiter_WebTests -->
