<?xml version="1.0" encoding="UTF-8"?>
<!-- Generated by org.testng.reporters.JUnitReportReporter -->
<testsuite hostname="ttn046517" failures="0" tests="2" name="com.jupiter.tests.Jupiter_ShopCartPage" time="14.280" errors="0" timestamp="2021-07-18T19:16:57 AEST" skipped="0">
  <testcase classname="com.jupiter.tests.Jupiter_ShopCartPage" name="TC_03_VerifyTheShoppingCartData" time="3.453"/>
  <system-out/>
  <testcase classname="com.jupiter.tests.Jupiter_ShopCartPage" name="TC_04_VerifyPriceDetailsOfCartData" time="10.827"/>
  <system-out/>
</testsuite> <!-- com.jupiter.tests.Jupiter_ShopCartPage -->
