<?xml version="1.0" encoding="UTF-8"?>
<!-- Generated by org.testng.reporters.JUnitReportReporter -->
<testsuite hostname="ttn046517" failures="0" tests="6" name="com.jupiter.tests.Jupiter_ContactPage" time="62.682" errors="0" timestamp="2021-07-18T19:16:57 AEST" skipped="0">
  <testcase classname="com.jupiter.tests.Jupiter_ContactPage" name="TC_02_VerifyFeedbackSubmission" time="16.562"/>
  <system-out/>
  <testcase classname="com.jupiter.tests.Jupiter_ContactPage" name="TC_02_VerifyFeedbackSubmission" time="6.414"/>
  <system-out/>
  <testcase classname="com.jupiter.tests.Jupiter_ContactPage" name="TC_01_ValidateFieldsOnContactPage" time="4.616"/>
  <system-out/>
  <testcase classname="com.jupiter.tests.Jupiter_ContactPage" name="TC_02_VerifyFeedbackSubmission" time="5.664"/>
  <system-out/>
  <testcase classname="com.jupiter.tests.Jupiter_ContactPage" name="TC_02_VerifyFeedbackSubmission" time="8.232"/>
  <system-out/>
  <testcase classname="com.jupiter.tests.Jupiter_ContactPage" name="TC_02_VerifyFeedbackSubmission" time="21.194"/>
  <system-out/>
</testsuite> <!-- com.jupiter.tests.Jupiter_ContactPage -->
